<?xml version="1.0" encoding="UTF-8"?>
<!-- Generated by org.testng.reporters.JUnitReportReporter -->
<testsuite skipped="0" hostname="DESKTOP-DCVF3K0" name="ReserveFlightTest" tests="1" failures="0" timestamp="11 Dec 2018 16:24:28 GMT" time="26.084" errors="0">
  <testcase name="test_flight_Test" time="26.084" classname="ReserveFlightTest"/>
</testsuite> <!-- ReserveFlightTest -->
